<?xml version="1.0" encoding="UTF-8"?>
<robot generator="Robot 4.1.1 (Python 3.9.7 on win32)" generated="20211018 08:23:16.475" rpa="false" schemaversion="2">
<suite id="s1" name="Tests" source="C:\Users\Theo IT\OneDrive\Área de Trabalho\SkillsLibrary\QA\qaninjarobotpythonselenium\python_selenium_and_robot\9formsandtags\tests">
<suite id="s1-s1" name="Login Forms" source="C:\Users\Theo IT\OneDrive\Área de Trabalho\SkillsLibrary\QA\qaninjarobotpythonselenium\python_selenium_and_robot\9formsandtags\tests\login_forms.robot">
<test id="s1-s1-t1" name="Senha Inválida">
<kw name="New Session" library="base" type="SETUP">
<kw name="Open Browser" library="SeleniumLibrary">
<arg>${url}</arg>
<arg>chrome</arg>
<doc>Opens a new browser instance to the optional ``url``.</doc>
<msg timestamp="20211018 08:23:16.717" level="INFO">Opening browser 'chrome' to base url 'http://training-wheels-protocol.herokuapp.com'.</msg>
<status status="PASS" starttime="20211018 08:23:16.716" endtime="20211018 08:23:19.746"/>
</kw>
<status status="PASS" starttime="20211018 08:23:16.716" endtime="20211018 08:23:19.746"/>
</kw>
<kw name="Go To" library="SeleniumLibrary">
<arg>${url}/login</arg>
<doc>Navigates the current browser window to the provided ``url``.</doc>
<msg timestamp="20211018 08:23:19.748" level="INFO">Opening url 'http://training-wheels-protocol.herokuapp.com/login'</msg>
<status status="PASS" starttime="20211018 08:23:19.747" endtime="20211018 08:23:20.180"/>
</kw>
<kw name="Input Text" library="SeleniumLibrary">
<arg>css:input[name=username]</arg>
<arg>stark</arg>
<doc>Types the given ``text`` into the text field identified by ``locator``.</doc>
<msg timestamp="20211018 08:23:20.181" level="INFO">Typing text 'stark' into text field 'css:input[name=username]'.</msg>
<status status="PASS" starttime="20211018 08:23:20.181" endtime="20211018 08:23:20.253"/>
</kw>
<kw name="Input Text" library="SeleniumLibrary">
<arg>css:input[name=password]</arg>
<arg>0123</arg>
<doc>Types the given ``text`` into the text field identified by ``locator``.</doc>
<msg timestamp="20211018 08:23:20.254" level="INFO">Typing text '0123' into text field 'css:input[name=password]'.</msg>
<status status="PASS" starttime="20211018 08:23:20.253" endtime="20211018 08:23:20.326"/>
</kw>
<kw name="Click Element" library="SeleniumLibrary">
<arg>class:btn-login</arg>
<doc>Click the element identified by ``locator``.</doc>
<msg timestamp="20211018 08:23:20.327" level="INFO">Clicking element 'class:btn-login'.</msg>
<status status="PASS" starttime="20211018 08:23:20.326" endtime="20211018 08:23:20.776"/>
</kw>
<kw name="Get WebElement" library="SeleniumLibrary">
<var>${message}</var>
<arg>id:flash</arg>
<doc>Returns the first WebElement matching the given ``locator``.</doc>
<msg timestamp="20211018 08:23:20.787" level="INFO">${message} = &lt;selenium.webdriver.remote.webelement.WebElement (session="c6f3b3352ac20742e4a1f0c328e69fd9", element="1f0b5507-d2d7-443f-8e0d-3d1882420d61")&gt;</msg>
<status status="PASS" starttime="20211018 08:23:20.776" endtime="20211018 08:23:20.787"/>
</kw>
<kw name="Should Contain" library="BuiltIn">
<arg>${message.text}</arg>
<arg>Senha é invalida!</arg>
<doc>Fails if ``container`` does not contain ``item`` one or more times.</doc>
<status status="PASS" starttime="20211018 08:23:20.787" endtime="20211018 08:23:20.799"/>
</kw>
<kw name="End Session" library="base" type="TEARDOWN">
<kw name="Capture Page Screenshot" library="SeleniumLibrary">
<doc>Takes a screenshot of the current page and embeds it into a log file.</doc>
<msg timestamp="20211018 08:23:20.957" level="INFO" html="true">&lt;/td&gt;&lt;/tr&gt;&lt;tr&gt;&lt;td colspan="3"&gt;&lt;a href="selenium-screenshot-8.png"&gt;&lt;img src="selenium-screenshot-8.png" width="800px"&gt;&lt;/a&gt;</msg>
<status status="PASS" starttime="20211018 08:23:20.800" endtime="20211018 08:23:20.957"/>
</kw>
<kw name="Close Browser" library="SeleniumLibrary">
<doc>Closes the current browser.</doc>
<status status="PASS" starttime="20211018 08:23:20.957" endtime="20211018 08:23:23.091"/>
</kw>
<status status="PASS" starttime="20211018 08:23:20.800" endtime="20211018 08:23:23.091"/>
</kw>
<tag>password_error</tag>
<status status="PASS" starttime="20211018 08:23:16.715" endtime="20211018 08:23:23.091"/>
</test>
<status status="PASS" starttime="20211018 08:23:16.506" endtime="20211018 08:23:23.101"/>
</suite>
<status status="PASS" starttime="20211018 08:23:16.475" endtime="20211018 08:23:23.111"/>
</suite>
<statistics>
<total>
<stat pass="1" fail="0" skip="0">All Tests</stat>
</total>
<tag>
<stat pass="1" fail="0" skip="0">password_error</stat>
</tag>
<suite>
<stat pass="1" fail="0" skip="0" id="s1" name="Tests">Tests</stat>
<stat pass="1" fail="0" skip="0" id="s1-s1" name="Login Forms">Tests.Login Forms</stat>
</suite>
</statistics>
<errors>
</errors>
</robot>
